0 info it worked if it ends with ok
1 verbose cli [ '/Users/aarondancer/.nvm/versions/node/v6.3.0/bin/node',
1 verbose cli   '/usr/local/bin/npm',
1 verbose cli   'install' ]
2 info using npm@3.8.6
3 info using node@v6.3.0
4 silly loadCurrentTree Starting
5 silly install loadCurrentTree
6 silly install readLocalPackageData
7 silly install normalizeTree
8 silly loadCurrentTree Finishing
9 silly loadIdealTree Starting
10 silly install loadIdealTree
11 silly cloneCurrentTree Starting
12 silly install cloneCurrentTreeToIdealTree
13 silly cloneCurrentTree Finishing
14 silly loadShrinkwrap Starting
15 silly install loadShrinkwrap
16 silly loadShrinkwrap Finishing
17 silly loadAllDepsIntoIdealTree Starting
18 silly install loadAllDepsIntoIdealTree
19 silly loadAllDepsIntoIdealTree Finishing
20 silly idealTree:prePrune sslcom-style@1.0.0
21 silly loadIdealTree Finishing
22 silly currentTree sslcom-style@1.0.0
23 silly idealTree sslcom-style@1.0.0
24 silly generateActionsToTake Starting
25 silly install generateActionsToTake
26 silly generateActionsToTake Finishing
27 silly diffTrees action count 0
28 silly decomposeActions action count 0
29 silly executeActions Starting
30 silly install executeActions
31 silly doSerial global-install 0
32 silly doParallel fetch 0
33 verbose correctMkdir /Users/aarondancer/.npm/_locks correctMkdir not in flight; initializing
34 verbose lock using /Users/aarondancer/.npm/_locks/staging-efefe31018985773.lock for /Users/aarondancer/ssl/javascript/node_modules/.staging
35 silly doParallel extract 0
36 silly doParallel preinstall 0
37 silly doReverseSerial remove 0
38 silly doSerial move 0
39 silly doSerial finalize 0
40 silly doSerial build 0
41 silly doSerial global-link 0
42 silly doParallel update-linked 0
43 silly doSerial install 0
44 silly doSerial postinstall 0
45 verbose unlock done using /Users/aarondancer/.npm/_locks/staging-efefe31018985773.lock for /Users/aarondancer/ssl/javascript/node_modules/.staging
46 silly executeActions Finishing
47 silly rollbackFailedOptional Starting
48 silly rollbackFailedOptional Finishing
49 silly runTopLevelLifecycles Starting
50 silly install runTopLevelLifecycles
51 silly preinstall sslcom-style@1.0.0 /Users/aarondancer/ssl/javascript/sslcom-style-1549130d
52 info lifecycle sslcom-style@1.0.0~preinstall: sslcom-style@1.0.0
53 verbose lifecycle sslcom-style@1.0.0~preinstall: unsafe-perm in lifecycle true
54 verbose lifecycle sslcom-style@1.0.0~preinstall: PATH: /usr/local/lib/node_modules/npm/bin/node-gyp-bin:/Users/aarondancer/ssl/javascript/node_modules/.bin:/Users/aarondancer/.nvm/versions/node/v6.3.0/bin:/usr/local/bin:/Users/aarondancer/.nvm/versions/node/v6.3.0/bin:/Users/aarondancer/.rvm/gems/ruby-2.2.3/bin:/Users/aarondancer/.rvm/gems/ruby-2.2.3@global/bin:/Users/aarondancer/.rvm/rubies/ruby-2.2.3/bin:/usr/local/bin:/usr/bin:/bin:/usr/sbin:/sbin:/opt/X11/bin:/Users/aarondancer/.rvm/bin:/Users/aarondancer/.rvm/bin
55 verbose lifecycle sslcom-style@1.0.0~preinstall: CWD: /Users/aarondancer/ssl/javascript
56 silly lifecycle sslcom-style@1.0.0~preinstall: Args: [ '-c',
56 silly lifecycle   'npm run install:config && npm run install:config:base' ]
57 silly lifecycle sslcom-style@1.0.0~preinstall: Returned: code: 1  signal: null
58 info lifecycle sslcom-style@1.0.0~preinstall: Failed to exec preinstall script
59 verbose stack Error: sslcom-style@1.0.0 preinstall: `npm run install:config && npm run install:config:base`
59 verbose stack Exit status 1
59 verbose stack     at EventEmitter.<anonymous> (/usr/local/lib/node_modules/npm/lib/utils/lifecycle.js:239:16)
59 verbose stack     at emitTwo (events.js:106:13)
59 verbose stack     at EventEmitter.emit (events.js:191:7)
59 verbose stack     at ChildProcess.<anonymous> (/usr/local/lib/node_modules/npm/lib/utils/spawn.js:24:14)
59 verbose stack     at emitTwo (events.js:106:13)
59 verbose stack     at ChildProcess.emit (events.js:191:7)
59 verbose stack     at maybeClose (internal/child_process.js:852:16)
59 verbose stack     at Process.ChildProcess._handle.onexit (internal/child_process.js:215:5)
60 verbose pkgid sslcom-style@1.0.0
61 verbose cwd /Users/aarondancer/ssl/javascript
62 error Darwin 15.5.0
63 error argv "/Users/aarondancer/.nvm/versions/node/v6.3.0/bin/node" "/usr/local/bin/npm" "install"
64 error node v6.3.0
65 error npm  v3.8.6
66 error code ELIFECYCLE
67 error sslcom-style@1.0.0 preinstall: `npm run install:config && npm run install:config:base`
67 error Exit status 1
68 error Failed at the sslcom-style@1.0.0 preinstall script 'npm run install:config && npm run install:config:base'.
68 error Make sure you have the latest version of node.js and npm installed.
68 error If you do, this is most likely a problem with the sslcom-style package,
68 error not with npm itself.
68 error Tell the author that this fails on your system:
68 error     npm run install:config && npm run install:config:base
68 error You can get information on how to open an issue for this project with:
68 error     npm bugs sslcom-style
68 error Or if that isn't available, you can get their info via:
68 error     npm owner ls sslcom-style
68 error There is likely additional logging output above.
69 verbose exit [ 1, true ]
