0 info it worked if it ends with ok
1 verbose cli [ '/Users/aarondancer/.nvm/versions/node/v6.3.0/bin/node',
1 verbose cli   '/Users/aarondancer/.nvm/versions/node/v6.3.0/bin/npm',
1 verbose cli   'install' ]
2 info using npm@3.10.3
3 info using node@v6.3.0
4 silly loadCurrentTree Starting
5 silly install loadCurrentTree
6 silly install readLocalPackageData
7 silly install normalizeTree
8 silly loadCurrentTree Finishing
9 silly loadIdealTree Starting
10 silly install loadIdealTree
11 silly cloneCurrentTree Starting
12 silly install cloneCurrentTreeToIdealTree
13 silly cloneCurrentTree Finishing
14 silly loadShrinkwrap Starting
15 silly install loadShrinkwrap
16 silly loadShrinkwrap Finishing
17 silly loadAllDepsIntoIdealTree Starting
18 silly install loadAllDepsIntoIdealTree
19 silly fetchNamedPackageData eslint-config-sslcom-base
20 silly mapToRegistry name eslint-config-sslcom-base
21 silly mapToRegistry using default registry
22 silly mapToRegistry registry https://registry.npmjs.org/
23 silly mapToRegistry data Result {
23 silly mapToRegistry   raw: 'eslint-config-sslcom-base',
23 silly mapToRegistry   scope: null,
23 silly mapToRegistry   escapedName: 'eslint-config-sslcom-base',
23 silly mapToRegistry   name: 'eslint-config-sslcom-base',
23 silly mapToRegistry   rawSpec: '',
23 silly mapToRegistry   spec: 'latest',
23 silly mapToRegistry   type: 'tag' }
24 silly mapToRegistry uri https://registry.npmjs.org/eslint-config-sslcom-base
25 verbose request uri https://registry.npmjs.org/eslint-config-sslcom-base
26 verbose request no auth needed
27 info attempt registry request try #1 at 2:58:21 PM
28 verbose request using bearer token for auth
29 verbose request id 573114fe6c92dea3
30 http request GET https://registry.npmjs.org/eslint-config-sslcom-base
31 http 404 https://registry.npmjs.org/eslint-config-sslcom-base
32 verbose headers { 'content-type': 'application/json',
32 verbose headers   'cache-control': 'max-age=0',
32 verbose headers   'content-length': '2',
32 verbose headers   'accept-ranges': 'bytes',
32 verbose headers   date: 'Wed, 20 Jul 2016 19:58:21 GMT',
32 verbose headers   via: '1.1 varnish',
32 verbose headers   connection: 'keep-alive',
32 verbose headers   'x-served-by': 'cache-ord1743-ORD',
32 verbose headers   'x-cache': 'MISS',
32 verbose headers   'x-cache-hits': '0',
32 verbose headers   'x-timer': 'S1469044701.544038,VS0,VE89',
32 verbose headers   vary: 'Accept-Encoding' }
33 silly get cb [ 404,
33 silly get   { 'content-type': 'application/json',
33 silly get     'cache-control': 'max-age=0',
33 silly get     'content-length': '2',
33 silly get     'accept-ranges': 'bytes',
33 silly get     date: 'Wed, 20 Jul 2016 19:58:21 GMT',
33 silly get     via: '1.1 varnish',
33 silly get     connection: 'keep-alive',
33 silly get     'x-served-by': 'cache-ord1743-ORD',
33 silly get     'x-cache': 'MISS',
33 silly get     'x-cache-hits': '0',
33 silly get     'x-timer': 'S1469044701.544038,VS0,VE89',
33 silly get     vary: 'Accept-Encoding' } ]
34 silly fetchPackageMetaData Error: Registry returned 404 for GET on https://registry.npmjs.org/eslint-config-sslcom-base
34 silly fetchPackageMetaData     at makeError (/Users/aarondancer/.nvm/versions/node/v6.3.0/lib/node_modules/npm/node_modules/npm-registry-client/lib/request.js:264:12)
34 silly fetchPackageMetaData     at CachingRegistryClient.<anonymous> (/Users/aarondancer/.nvm/versions/node/v6.3.0/lib/node_modules/npm/node_modules/npm-registry-client/lib/request.js:242:14)
34 silly fetchPackageMetaData     at Request._callback (/Users/aarondancer/.nvm/versions/node/v6.3.0/lib/node_modules/npm/node_modules/npm-registry-client/lib/request.js:172:14)
34 silly fetchPackageMetaData     at Request.self.callback (/Users/aarondancer/.nvm/versions/node/v6.3.0/lib/node_modules/npm/node_modules/request/request.js:200:22)
34 silly fetchPackageMetaData     at emitTwo (events.js:106:13)
34 silly fetchPackageMetaData     at Request.emit (events.js:191:7)
34 silly fetchPackageMetaData     at Request.<anonymous> (/Users/aarondancer/.nvm/versions/node/v6.3.0/lib/node_modules/npm/node_modules/request/request.js:1067:10)
34 silly fetchPackageMetaData     at emitOne (events.js:101:20)
34 silly fetchPackageMetaData     at Request.emit (events.js:188:7)
34 silly fetchPackageMetaData     at IncomingMessage.<anonymous> (/Users/aarondancer/.nvm/versions/node/v6.3.0/lib/node_modules/npm/node_modules/request/request.js:988:12)
34 silly fetchPackageMetaData  error for eslint-config-sslcom-base@^3.0.1 { Error: Registry returned 404 for GET on https://registry.npmjs.org/eslint-config-sslcom-base
34 silly fetchPackageMetaData     at makeError (/Users/aarondancer/.nvm/versions/node/v6.3.0/lib/node_modules/npm/node_modules/npm-registry-client/lib/request.js:264:12)
34 silly fetchPackageMetaData     at CachingRegistryClient.<anonymous> (/Users/aarondancer/.nvm/versions/node/v6.3.0/lib/node_modules/npm/node_modules/npm-registry-client/lib/request.js:242:14)
34 silly fetchPackageMetaData     at Request._callback (/Users/aarondancer/.nvm/versions/node/v6.3.0/lib/node_modules/npm/node_modules/npm-registry-client/lib/request.js:172:14)
34 silly fetchPackageMetaData     at Request.self.callback (/Users/aarondancer/.nvm/versions/node/v6.3.0/lib/node_modules/npm/node_modules/request/request.js:200:22)
34 silly fetchPackageMetaData     at emitTwo (events.js:106:13)
34 silly fetchPackageMetaData     at Request.emit (events.js:191:7)
34 silly fetchPackageMetaData     at Request.<anonymous> (/Users/aarondancer/.nvm/versions/node/v6.3.0/lib/node_modules/npm/node_modules/request/request.js:1067:10)
34 silly fetchPackageMetaData     at emitOne (events.js:101:20)
34 silly fetchPackageMetaData     at Request.emit (events.js:188:7)
34 silly fetchPackageMetaData     at IncomingMessage.<anonymous> (/Users/aarondancer/.nvm/versions/node/v6.3.0/lib/node_modules/npm/node_modules/request/request.js:988:12)
34 silly fetchPackageMetaData   pkgid: 'eslint-config-sslcom-base',
34 silly fetchPackageMetaData   statusCode: 404,
34 silly fetchPackageMetaData   code: 'E404' }
35 silly rollbackFailedOptional Starting
36 silly rollbackFailedOptional Finishing
37 silly runTopLevelLifecycles Starting
38 silly runTopLevelLifecycles Finishing
39 silly install printInstalled
40 verbose stack Error: Registry returned 404 for GET on https://registry.npmjs.org/eslint-config-sslcom-base
40 verbose stack     at makeError (/Users/aarondancer/.nvm/versions/node/v6.3.0/lib/node_modules/npm/node_modules/npm-registry-client/lib/request.js:264:12)
40 verbose stack     at CachingRegistryClient.<anonymous> (/Users/aarondancer/.nvm/versions/node/v6.3.0/lib/node_modules/npm/node_modules/npm-registry-client/lib/request.js:242:14)
40 verbose stack     at Request._callback (/Users/aarondancer/.nvm/versions/node/v6.3.0/lib/node_modules/npm/node_modules/npm-registry-client/lib/request.js:172:14)
40 verbose stack     at Request.self.callback (/Users/aarondancer/.nvm/versions/node/v6.3.0/lib/node_modules/npm/node_modules/request/request.js:200:22)
40 verbose stack     at emitTwo (events.js:106:13)
40 verbose stack     at Request.emit (events.js:191:7)
40 verbose stack     at Request.<anonymous> (/Users/aarondancer/.nvm/versions/node/v6.3.0/lib/node_modules/npm/node_modules/request/request.js:1067:10)
40 verbose stack     at emitOne (events.js:101:20)
40 verbose stack     at Request.emit (events.js:188:7)
40 verbose stack     at IncomingMessage.<anonymous> (/Users/aarondancer/.nvm/versions/node/v6.3.0/lib/node_modules/npm/node_modules/request/request.js:988:12)
41 verbose statusCode 404
42 verbose pkgid eslint-config-sslcom-base
43 verbose cwd /Users/aarondancer/ssl/javascript/packages/eslint-config-sslcom
44 error Darwin 15.5.0
45 error argv "/Users/aarondancer/.nvm/versions/node/v6.3.0/bin/node" "/Users/aarondancer/.nvm/versions/node/v6.3.0/bin/npm" "install"
46 error node v6.3.0
47 error npm  v3.10.3
48 error code E404
49 error 404 Registry returned 404 for GET on https://registry.npmjs.org/eslint-config-sslcom-base
50 error 404
51 error 404 'eslint-config-sslcom-base' is not in the npm registry.
52 error 404 You should bug the author to publish it (or use the name yourself!)
53 error 404 It was specified as a dependency of 'eslint-config-sslcom'
54 error 404 Note that you can also install from a
55 error 404 tarball, folder, http url, or git url.
56 verbose exit [ 1, true ]
